#
# There is insufficient memory for the Java Runtime Environment to continue.
# Native memory allocation (malloc) failed to allocate 1048576 bytes for AllocateHeap
# Possible reasons:
#   The system is out of physical RAM or swap space
#   The process is running with CompressedOops enabled, and the Java Heap may be blocking the growth of the native heap
# Possible solutions:
#   Reduce memory load on the system
#   Increase physical memory or swap space
#   Check if swap backing store is full
#   Decrease Java heap size (-Xmx/-Xms)
#   Decrease number of Java threads
#   Decrease Java thread stack sizes (-Xss)
#   Set larger code cache with -XX:ReservedCodeCacheSize=
#   JVM is running with Unscaled Compressed Oops mode in which the Java heap is
#     placed in the first 4GB address space. The Java Heap base address is the
#     maximum limit for the native heap growth. Please use -XX:HeapBaseMinAddress
#     to set the Java Heap base and to place the Java Heap above 4GB virtual address.
# This output file may be truncated or incomplete.
#
#  Out of Memory Error (memory/allocation.inline.hpp:61), pid=15948, tid=0x00000000000034f0
#
# JRE version:  (8.0_281-b09) (build )
# Java VM: Java HotSpot(TM) 64-Bit Server VM (25.281-b09 mixed mode windows-amd64 compressed oops)
# Failed to write core dump. Minidumps are not enabled by default on client versions of Windows
#

---------------  T H R E A D  ---------------

Current thread (0x000001b370112800):  JavaThread "Unknown thread" [_thread_in_vm, id=13552, stack(0x0000009c2d400000,0x0000009c2d500000)]

Stack: [0x0000009c2d400000,0x0000009c2d500000]
Native frames: (J=compiled Java code, j=interpreted, Vv=VM code, C=native code)
V  [jvm.dll+0x32e5b9]
V  [jvm.dll+0x275012]
V  [jvm.dll+0x275cbd]
V  [jvm.dll+0x26c6f5]
V  [jvm.dll+0x509d]
V  [jvm.dll+0x3c8d4d]
V  [jvm.dll+0x3c9aca]
V  [jvm.dll+0x3c5a67]
V  [jvm.dll+0xfcaaf]
V  [jvm.dll+0x209a1b]
V  [jvm.dll+0x2383d7]
V  [jvm.dll+0x162566]
C  [java.exe+0x2312]
C  [java.exe+0x15f54]
C  [KERNEL32.DLL+0x17614]
C  [ntdll.dll+0x526a1]


---------------  P R O C E S S  ---------------

Java Threads: ( => current thread )

Other Threads:

=>0x000001b370112800 (exited) JavaThread "Unknown thread" [_thread_in_vm, id=13552, stack(0x0000009c2d400000,0x0000009c2d500000)]

VM state:not at safepoint (normal execution)

VM Mutex/Monitor currently owned by a thread: None

heap address: 0x00000000c2a00000, size: 982 MB, Compressed Oops mode: 32-bit
Narrow klass base: 0x0000000000000000, Narrow klass shift: 3
Compressed class space size: 1073741824 Address: 0x0000000100000000

Heap:
 PSYoungGen      total 18432K, used 317K [0x00000000eb900000, 0x00000000ecd80000, 0x0000000100000000)
  eden space 15872K, 2% used [0x00000000eb900000,0x00000000eb94f5d0,0x00000000ec880000)
  from space 2560K, 0% used [0x00000000ecb00000,0x00000000ecb00000,0x00000000ecd80000)
  to   space 2560K, 0% used [0x00000000ec880000,0x00000000ec880000,0x00000000ecb00000)
 ParOldGen       total 42496K, used 0K [0x00000000c2a00000, 0x00000000c5380000, 0x00000000eb900000)
  object space 42496K, 0% used [0x00000000c2a00000,0x00000000c2a00000,0x00000000c5380000)
 Metaspace       used 777K, capacity 4480K, committed 4480K, reserved 1056768K
  class space    used 76K, capacity 384K, committed 384K, reserved 1048576K

Card table byte_map: [0x000001b371db0000,0x000001b371fa0000] byte_map_base: 0x000001b37179b000

Marking Bits: (ParMarkBitMap*) 0x000000006c2e6ff0
 Begin Bits: [0x000001b3720f0000, 0x000001b373048000)
 End Bits:   [0x000001b373048000, 0x000001b373fa0000)

Polling page: 0x000001b370210000

CodeCache: size=245760Kb used=327Kb max_used=327Kb free=245432Kb
 bounds [0x000001b300000000, 0x000001b300270000, 0x000001b30f000000]
 total_blobs=57 nmethods=0 adapters=38
 compilation: enabled

Compilation events (0 events):
No events

GC Heap History (0 events):
No events

Deoptimization events (0 events):
No events

Classes redefined (0 events):
No events

Internal exceptions (0 events):
No events

Events (10 events):
Event: 0.118 loading class java/lang/Short
Event: 0.118 loading class java/lang/Short done
Event: 0.119 loading class java/lang/Integer
Event: 0.119 loading class java/lang/Integer done
Event: 0.119 loading class java/lang/Long
Event: 0.119 loading class java/lang/Long done
Event: 0.121 loading class java/lang/NullPointerException
Event: 0.122 loading class java/lang/NullPointerException done
Event: 0.122 loading class java/lang/ArithmeticException
Event: 0.122 loading class java/lang/ArithmeticException done


Dynamic libraries:
0x00007ff709160000 - 0x00007ff7091a7000 	C:\Program Files\Java\jdk1.8.0_281\bin\java.exe
0x00007fffc3130000 - 0x00007fffc3328000 	C:\WINDOWS\SYSTEM32\ntdll.dll
0x00007fffc1170000 - 0x00007fffc122f000 	C:\WINDOWS\System32\KERNEL32.DLL
0x00007fffc0ae0000 - 0x00007fffc0db2000 	C:\WINDOWS\System32\KERNELBASE.dll
0x00007fffbd270000 - 0x00007fffbd301000 	C:\WINDOWS\SYSTEM32\apphelp.dll
0x00007fffc2030000 - 0x00007fffc20de000 	C:\WINDOWS\System32\ADVAPI32.dll
0x00007fffc2de0000 - 0x00007fffc2e7e000 	C:\WINDOWS\System32\msvcrt.dll
0x00007fffc20e0000 - 0x00007fffc217c000 	C:\WINDOWS\System32\sechost.dll
0x00007fffc2270000 - 0x00007fffc2395000 	C:\WINDOWS\System32\RPCRT4.dll
0x00007fffc17b0000 - 0x00007fffc1951000 	C:\WINDOWS\System32\USER32.dll
0x00007fffc0820000 - 0x00007fffc0842000 	C:\WINDOWS\System32\win32u.dll
0x00007fffc2e80000 - 0x00007fffc2eab000 	C:\WINDOWS\System32\GDI32.dll
0x00007fffc1010000 - 0x00007fffc111f000 	C:\WINDOWS\System32\gdi32full.dll
0x00007fffc0dc0000 - 0x00007fffc0e5d000 	C:\WINDOWS\System32\msvcp_win.dll
0x00007fffc0f10000 - 0x00007fffc1010000 	C:\WINDOWS\System32\ucrtbase.dll
0x00007fff990b0000 - 0x00007fff9934a000 	C:\WINDOWS\WinSxS\amd64_microsoft.windows.common-controls_6595b64144ccf1df_6.0.19041.1110_none_60b5254171f9507e\COMCTL32.dll
0x00007fffc2480000 - 0x00007fffc24b2000 	C:\WINDOWS\System32\IMM32.DLL
0x00007fffa6350000 - 0x00007fffa6365000 	C:\Program Files\Java\jdk1.8.0_281\jre\bin\vcruntime140.dll
0x00007fff8dae0000 - 0x00007fff8db7b000 	C:\Program Files\Java\jdk1.8.0_281\jre\bin\msvcp140.dll
0x000000006bb00000 - 0x000000006c35f000 	C:\Program Files\Java\jdk1.8.0_281\jre\bin\server\jvm.dll
0x00007fffc1960000 - 0x00007fffc1968000 	C:\WINDOWS\System32\PSAPI.DLL
0x00007fffa9ab0000 - 0x00007fffa9ab9000 	C:\WINDOWS\SYSTEM32\WSOCK32.dll
0x00007fffc2f60000 - 0x00007fffc2fcb000 	C:\WINDOWS\System32\WS2_32.dll
0x00007fffaa9b0000 - 0x00007fffaa9d7000 	C:\WINDOWS\SYSTEM32\WINMM.dll
0x00007fffb9140000 - 0x00007fffb914a000 	C:\WINDOWS\SYSTEM32\VERSION.dll
0x00007fffbf0c0000 - 0x00007fffbf0d2000 	C:\WINDOWS\SYSTEM32\kernel.appcore.dll
0x00007fffba470000 - 0x00007fffba480000 	C:\Program Files\Java\jdk1.8.0_281\jre\bin\verify.dll
0x00007fff9c460000 - 0x00007fff9c48b000 	C:\Program Files\Java\jdk1.8.0_281\jre\bin\java.dll
0x00007fff9be70000 - 0x00007fff9be88000 	C:\Program Files\Java\jdk1.8.0_281\jre\bin\zip.dll
0x00007fffbed90000 - 0x00007fffbef74000 	C:\WINDOWS\SYSTEM32\dbghelp.dll
0x00007fffc0a50000 - 0x00007fffc0ad2000 	C:\WINDOWS\System32\bcryptPrimitives.dll

VM Arguments:
jvm_args: -Dclassworlds.conf=C:\Program Files\NetBeans-16\netbeans\java\maven\bin\m2.conf -Dmaven.home=C:\Program Files\NetBeans-16\netbeans\java\maven -Dlibrary.jansi.path=C:\Program Files\NetBeans-16\netbeans\java\maven\lib\jansi-native -Dmaven.multiModuleProjectDirectory=D:\users\Malaury\Documents\NetBeansProjects\menuDuJour 
java_command: org.codehaus.plexus.classworlds.launcher.Launcher -Dexec.vmArgs= -Dexec.args=${exec.vmArgs} -classpath %classpath ${exec.mainClass} ${exec.appArgs} -Dexec.appArgs= -Dexec.mainClass=com.mycompany.menudujour.MenuDuJour -Dexec.executable=C:\Program Files\Java\jdk1.8.0_281\bin\java.exe -Dmaven.ext.class.path=C:\Program Files\NetBeans-16\netbeans\java\maven-nblib\netbeans-eventspy.jar -Dfile.encoding=UTF-8 org.codehaus.mojo:exec-maven-plugin:3.0.0:exec
java_class_path (initial): C:\Program Files\NetBeans-16\netbeans\java\maven\boot\plexus-classworlds-2.6.0.jar
Launcher Type: SUN_STANDARD

Environment Variables:
JAVA_HOME=C:\Program Files\Java\jdk1.8.0_281
PATH=C:\Program Files (x86)\Common Files\Oracle\Java\javapath;C:\Program Files (x86)\Intel\TXE Components\iCLS\;C:\Program Files\Intel\TXE Components\iCLS\;C:\WINDOWS\system32;C:\WINDOWS;C:\WINDOWS\System32\Wbem;C:\WINDOWS\System32\WindowsPowerShell\v1.0\;C:\WINDOWS\System32\OpenSSH\;C:\Program Files\Intel\TXE Components\DAL\;C:\Program Files (x86)\Intel\TXE Components\DAL\;C:\Program Files\Intel\TXE Components\IPT\;C:\Program Files (x86)\Intel\TXE Components\IPT\;C:\Program Files\Intel\WiFi\bin\;C:\Program Files\Common Files\Intel\WirelessCommon\;C:\Users\Malaury\AppData\Local\Microsoft\WindowsApps;
USERNAME=Malaury
OS=Windows_NT
PROCESSOR_IDENTIFIER=Intel64 Family 6 Model 92 Stepping 9, GenuineIntel



---------------  S Y S T E M  ---------------

OS: Windows 10.0 , 64 bit Build 19041 (10.0.19041.2364)

CPU:total 4 (initial active 4) (4 cores per cpu, 1 threads per core) family 6 model 92 stepping 9, cmov, cx8, fxsr, mmx, sse, sse2, sse3, ssse3, sse4.1, sse4.2, popcnt, aes, clmul, erms, 3dnowpref, tsc, tscinvbit

Memory: 4k page, physical 4014304k(167876k free), swap 9374172k(6416k free)

vm_info: Java HotSpot(TM) 64-Bit Server VM (25.281-b09) for windows-amd64 JRE (1.8.0_281-b09), built on Dec  9 2020 13:54:07 by "" with MS VC++ 15.9 (VS2017)

time: Sat Mar  4 23:40:44 2023
timezone: Paris, Madrid
elapsed time: 0.262948 seconds (0d 0h 0m 0s)

